{
  "uid" : "3f9ee7163523a1dd",
  "name" : "test_sign_up",
  "fullName" : "test_conduit.conduit_test.TestCondiutLogin#test_sign_up",
  "historyId" : "d8f9d1fc588e63a707f0c88e1c0401da",
  "time" : {
    "start" : 1628419108952,
    "stop" : 1628419110104,
    "duration" : 1152
  },
  "status" : "failed",
  "statusMessage" : "AssertionError: assert 'Email already taken.' == 'Your registr...s successful!'\n  - Your registration was successful!\n  + Email already taken.",
  "statusTrace" : "self = <conduit_test.TestCondiutLogin object at 0x7fd10eda9940>\n\n    def test_sign_up(self):\n        self.driver.maximize_window()\n        self.driver.find_element_by_partial_link_text('Sign up').click()\n        self.driver.find_element_by_xpath('//input[@placeholder=\"Username\"]').clear()\n        self.driver.find_element_by_xpath('//input[@placeholder=\"Username\"]').send_keys('R1')\n        self.driver.find_element_by_xpath('//input[@placeholder=\"Email\"]').clear()\n        self.driver.find_element_by_xpath('//input[@placeholder=\"Email\"]').send_keys('r1@gmail.com')\n        self.driver.find_element_by_xpath('//input[@placeholder=\"Password\"]').clear()\n        self.driver.find_element_by_xpath('//input[@placeholder=\"Password\"]').send_keys('Rr0123456')\n        self.driver.find_element_by_xpath('//button[@class=\"btn btn-lg btn-primary pull-xs-right\"]').click()\n        element = WebDriverWait(\n            self.driver, 5).until(\n            EC.visibility_of_element_located((By.CLASS_NAME, 'swal-text'))\n        )\n>       assert element.text == 'Your registration was successful!'\nE       AssertionError: assert 'Email already taken.' == 'Your registr...s successful!'\nE         - Your registration was successful!\nE         + Email already taken.\n\ntest_conduit/conduit_test.py:61: AssertionError",
  "flaky" : false,
  "newFailed" : false,
  "beforeStages" : [ ],
  "testStage" : {
    "status" : "failed",
    "statusMessage" : "AssertionError: assert 'Email already taken.' == 'Your registr...s successful!'\n  - Your registration was successful!\n  + Email already taken.",
    "statusTrace" : "self = <conduit_test.TestCondiutLogin object at 0x7fd10eda9940>\n\n    def test_sign_up(self):\n        self.driver.maximize_window()\n        self.driver.find_element_by_partial_link_text('Sign up').click()\n        self.driver.find_element_by_xpath('//input[@placeholder=\"Username\"]').clear()\n        self.driver.find_element_by_xpath('//input[@placeholder=\"Username\"]').send_keys('R1')\n        self.driver.find_element_by_xpath('//input[@placeholder=\"Email\"]').clear()\n        self.driver.find_element_by_xpath('//input[@placeholder=\"Email\"]').send_keys('r1@gmail.com')\n        self.driver.find_element_by_xpath('//input[@placeholder=\"Password\"]').clear()\n        self.driver.find_element_by_xpath('//input[@placeholder=\"Password\"]').send_keys('Rr0123456')\n        self.driver.find_element_by_xpath('//button[@class=\"btn btn-lg btn-primary pull-xs-right\"]').click()\n        element = WebDriverWait(\n            self.driver, 5).until(\n            EC.visibility_of_element_located((By.CLASS_NAME, 'swal-text'))\n        )\n>       assert element.text == 'Your registration was successful!'\nE       AssertionError: assert 'Email already taken.' == 'Your registr...s successful!'\nE         - Your registration was successful!\nE         + Email already taken.\n\ntest_conduit/conduit_test.py:61: AssertionError",
    "steps" : [ ],
    "attachments" : [ {
      "uid" : "39a9c9ec9731bd0f",
      "name" : "log",
      "source" : "39a9c9ec9731bd0f.txt",
      "type" : "text/plain",
      "size" : 386
    }, {
      "uid" : "47bf1c0ccd9b4a4",
      "name" : "stderr",
      "source" : "47bf1c0ccd9b4a4.txt",
      "type" : "text/plain",
      "size" : 212
    } ],
    "parameters" : [ ],
    "stepsCount" : 0,
    "attachmentsCount" : 2,
    "shouldDisplayMessage" : true,
    "hasContent" : true
  },
  "afterStages" : [ ],
  "labels" : [ {
    "name" : "parentSuite",
    "value" : "test_conduit"
  }, {
    "name" : "suite",
    "value" : "conduit_test"
  }, {
    "name" : "subSuite",
    "value" : "TestCondiutLogin"
  }, {
    "name" : "host",
    "value" : "R1-Roni-MBP"
  }, {
    "name" : "thread",
    "value" : "35611-MainThread"
  }, {
    "name" : "framework",
    "value" : "pytest"
  }, {
    "name" : "language",
    "value" : "cpython3"
  }, {
    "name" : "package",
    "value" : "test_conduit.conduit_test"
  }, {
    "name" : "resultFormat",
    "value" : "allure2"
  } ],
  "parameters" : [ ],
  "links" : [ ],
  "hidden" : true,
  "retry" : true,
  "extra" : {
    "categories" : [ ],
    "tags" : [ ]
  },
  "source" : "3f9ee7163523a1dd.json",
  "parameterValues" : [ ]
}