{
  "uid" : "d4f65bc82e313b8f",
  "name" : "test_sign_up",
  "fullName" : "test_conduit.conduit_test.TestCondiutLogin#test_sign_up",
  "historyId" : "d8f9d1fc588e63a707f0c88e1c0401da",
  "time" : {
    "start" : 1628417699458,
    "stop" : 1628417700551,
    "duration" : 1093
  },
  "status" : "failed",
  "statusMessage" : "AssertionError: assert 'Please wait...' == 'Your registr...s successful!'\n  - Your registration was successful!\n  + Please wait...",
  "statusTrace" : "self = <conduit_test.TestCondiutLogin object at 0x7fd7084bcaf0>\n\n    def test_sign_up(self):\n        self.driver.maximize_window()\n        self.driver.find_element_by_partial_link_text('Sign up').click()\n        self.driver.find_element_by_xpath('//input[@placeholder=\"Username\"]').clear()\n        self.driver.find_element_by_xpath('//input[@placeholder=\"Username\"]').send_keys('R1')\n        self.driver.find_element_by_xpath('//input[@placeholder=\"Email\"]').clear()\n        self.driver.find_element_by_xpath('//input[@placeholder=\"Email\"]').send_keys('r1@gmail.com')\n        self.driver.find_element_by_xpath('//input[@placeholder=\"Password\"]').clear()\n        self.driver.find_element_by_xpath('//input[@placeholder=\"Password\"]').send_keys('Rr0123456')\n        self.driver.find_element_by_xpath('//button[@class=\"btn btn-lg btn-primary pull-xs-right\"]').click()\n        element = WebDriverWait(\n            self.driver, 5).until(\n            EC.visibility_of_element_located((By.CLASS_NAME, 'swal-text'))\n        )\n>       assert element.text == 'Your registration was successful!'\nE       AssertionError: assert 'Please wait...' == 'Your registr...s successful!'\nE         - Your registration was successful!\nE         + Please wait...\n\ntest_conduit/conduit_test.py:41: AssertionError",
  "flaky" : false,
  "newFailed" : false,
  "beforeStages" : [ ],
  "testStage" : {
    "status" : "failed",
    "statusMessage" : "AssertionError: assert 'Please wait...' == 'Your registr...s successful!'\n  - Your registration was successful!\n  + Please wait...",
    "statusTrace" : "self = <conduit_test.TestCondiutLogin object at 0x7fd7084bcaf0>\n\n    def test_sign_up(self):\n        self.driver.maximize_window()\n        self.driver.find_element_by_partial_link_text('Sign up').click()\n        self.driver.find_element_by_xpath('//input[@placeholder=\"Username\"]').clear()\n        self.driver.find_element_by_xpath('//input[@placeholder=\"Username\"]').send_keys('R1')\n        self.driver.find_element_by_xpath('//input[@placeholder=\"Email\"]').clear()\n        self.driver.find_element_by_xpath('//input[@placeholder=\"Email\"]').send_keys('r1@gmail.com')\n        self.driver.find_element_by_xpath('//input[@placeholder=\"Password\"]').clear()\n        self.driver.find_element_by_xpath('//input[@placeholder=\"Password\"]').send_keys('Rr0123456')\n        self.driver.find_element_by_xpath('//button[@class=\"btn btn-lg btn-primary pull-xs-right\"]').click()\n        element = WebDriverWait(\n            self.driver, 5).until(\n            EC.visibility_of_element_located((By.CLASS_NAME, 'swal-text'))\n        )\n>       assert element.text == 'Your registration was successful!'\nE       AssertionError: assert 'Please wait...' == 'Your registr...s successful!'\nE         - Your registration was successful!\nE         + Please wait...\n\ntest_conduit/conduit_test.py:41: AssertionError",
    "steps" : [ ],
    "attachments" : [ {
      "uid" : "2d836d76541ed1c7",
      "name" : "log",
      "source" : "2d836d76541ed1c7.txt",
      "type" : "text/plain",
      "size" : 344
    }, {
      "uid" : "e1555473807ca486",
      "name" : "stderr",
      "source" : "e1555473807ca486.txt",
      "type" : "text/plain",
      "size" : 215
    } ],
    "parameters" : [ ],
    "stepsCount" : 0,
    "attachmentsCount" : 2,
    "shouldDisplayMessage" : true,
    "hasContent" : true
  },
  "afterStages" : [ ],
  "labels" : [ {
    "name" : "parentSuite",
    "value" : "test_conduit"
  }, {
    "name" : "suite",
    "value" : "conduit_test"
  }, {
    "name" : "subSuite",
    "value" : "TestCondiutLogin"
  }, {
    "name" : "host",
    "value" : "fv-az83-740"
  }, {
    "name" : "thread",
    "value" : "3717-MainThread"
  }, {
    "name" : "framework",
    "value" : "pytest"
  }, {
    "name" : "language",
    "value" : "cpython3"
  }, {
    "name" : "package",
    "value" : "test_conduit.conduit_test"
  }, {
    "name" : "resultFormat",
    "value" : "allure2"
  } ],
  "parameters" : [ ],
  "links" : [ ],
  "hidden" : false,
  "retry" : false,
  "extra" : {
    "severity" : "normal",
    "retries" : [ {
      "uid" : "f436f92a44ba9af9",
      "status" : "failed",
      "statusDetails" : "AssertionError: assert 'Email already taken.' == 'Your registr...s successful!'\n  - Your registration was successful!\n  + Email already taken.",
      "time" : {
        "start" : 1628417442908,
        "stop" : 1628417443962,
        "duration" : 1054
      }
    }, {
      "uid" : "da7b1ae475df2622",
      "status" : "passed",
      "time" : {
        "start" : 1628416854491,
        "stop" : 1628416856066,
        "duration" : 1575
      }
    }, {
      "uid" : "aa37838a9baa731",
      "status" : "broken",
      "statusDetails" : "selenium.common.exceptions.ElementClickInterceptedException: Message: element click intercepted: Element <button class=\"btn btn-lg btn-primary pull-xs-right\">...</button> is not clickable at point (933, 398). Other element would receive the click: <div class=\"swal-modal\" role=\"dialog\" aria-modal=\"true\">...</div>\n  (Session info: chrome=92.0.4515.131)",
      "time" : {
        "start" : 1628416724019,
        "stop" : 1628416725792,
        "duration" : 1773
      }
    }, {
      "uid" : "3b748721638b58ce",
      "status" : "broken",
      "statusDetails" : "selenium.common.exceptions.ElementClickInterceptedException: Message: element click intercepted: Element <button class=\"btn btn-lg btn-primary pull-xs-right\">...</button> is not clickable at point (508, 398). Other element would receive the click: <div class=\"swal-footer\">...</div>\n  (Session info: headless chrome=92.0.4515.131)",
      "time" : {
        "start" : 1628416457338,
        "stop" : 1628416459062,
        "duration" : 1724
      }
    } ],
    "categories" : [ {
      "name" : "Product defects",
      "matchedStatuses" : [ ],
      "flaky" : false
    } ],
    "tags" : [ ]
  },
  "source" : "d4f65bc82e313b8f.json",
  "parameterValues" : [ ]
}