{
  "uid" : "c650e7d21c96b32",
  "name" : "test_navigate_to_login",
  "fullName" : "test_conduit.conduit_test.TestCondiutLogin#test_navigate_to_login",
  "historyId" : "48c17789f156a45ff2324d2e0d14bd70",
  "time" : {
    "start" : 1628416124222,
    "stop" : 1628416129777,
    "duration" : 5555
  },
  "status" : "broken",
  "statusMessage" : "selenium.common.exceptions.TimeoutException: Message:",
  "statusTrace" : "self = <conduit_test.TestCondiutLogin object at 0x7f4772595850>\n\n    def test_navigate_to_login(self):\n        self.driver.maximize_window()\n        self.driver.find_element_by_partial_link_text('Sign in').click()\n        self.driver.find_element_by_xpath('//input[@placeholder=\"Email\"]').clear()\n        self.driver.find_element_by_xpath('//input[@placeholder=\"Email\"]').send_keys('r1@gmail.com')\n        self.driver.find_element_by_xpath('//input[@placeholder=\"Password\"]').clear()\n        self.driver.find_element_by_xpath('//input[@placeholder=\"Password\"]').send_keys('Rr0123456')\n        self.driver.find_element_by_xpath('//button[@class=\"btn btn-lg btn-primary pull-xs-right\"]').click()\n>       element = WebDriverWait(\n            self.driver, 5).until(\n            EC.visibility_of_element_located((By.PARTIAL_LINK_TEXT, 'Global Feed'))\n        )\n\ntest_conduit/conduit_test.py:34: \n_ _ _ _ _ _ _ _ _ _ _ _ _ _ _ _ _ _ _ _ _ _ _ _ _ _ _ _ _ _ _ _ _ _ _ _ _ _ _ _ \n\nself = <selenium.webdriver.support.wait.WebDriverWait (session=\"794e9115da03317b3abefa09f2e79b54\")>\nmethod = <selenium.webdriver.support.expected_conditions.visibility_of_element_located object at 0x7f47724f5610>\nmessage = ''\n\n    def until(self, method, message=''):\n        \"\"\"Calls the method provided with the driver as an argument until the \\\n        return value is not False.\"\"\"\n        screen = None\n        stacktrace = None\n    \n        end_time = time.time() + self._timeout\n        while True:\n            try:\n                value = method(self._driver)\n                if value:\n                    return value\n            except self._ignored_exceptions as exc:\n                screen = getattr(exc, 'screen', None)\n                stacktrace = getattr(exc, 'stacktrace', None)\n            time.sleep(self._poll)\n            if time.time() > end_time:\n                break\n>       raise TimeoutException(message, screen, stacktrace)\nE       selenium.common.exceptions.TimeoutException: Message:\n\n../../../.local/lib/python3.8/site-packages/selenium/webdriver/support/wait.py:80: TimeoutException",
  "flaky" : false,
  "newFailed" : false,
  "beforeStages" : [ ],
  "testStage" : {
    "status" : "broken",
    "statusMessage" : "selenium.common.exceptions.TimeoutException: Message:",
    "statusTrace" : "self = <conduit_test.TestCondiutLogin object at 0x7f4772595850>\n\n    def test_navigate_to_login(self):\n        self.driver.maximize_window()\n        self.driver.find_element_by_partial_link_text('Sign in').click()\n        self.driver.find_element_by_xpath('//input[@placeholder=\"Email\"]').clear()\n        self.driver.find_element_by_xpath('//input[@placeholder=\"Email\"]').send_keys('r1@gmail.com')\n        self.driver.find_element_by_xpath('//input[@placeholder=\"Password\"]').clear()\n        self.driver.find_element_by_xpath('//input[@placeholder=\"Password\"]').send_keys('Rr0123456')\n        self.driver.find_element_by_xpath('//button[@class=\"btn btn-lg btn-primary pull-xs-right\"]').click()\n>       element = WebDriverWait(\n            self.driver, 5).until(\n            EC.visibility_of_element_located((By.PARTIAL_LINK_TEXT, 'Global Feed'))\n        )\n\ntest_conduit/conduit_test.py:34: \n_ _ _ _ _ _ _ _ _ _ _ _ _ _ _ _ _ _ _ _ _ _ _ _ _ _ _ _ _ _ _ _ _ _ _ _ _ _ _ _ \n\nself = <selenium.webdriver.support.wait.WebDriverWait (session=\"794e9115da03317b3abefa09f2e79b54\")>\nmethod = <selenium.webdriver.support.expected_conditions.visibility_of_element_located object at 0x7f47724f5610>\nmessage = ''\n\n    def until(self, method, message=''):\n        \"\"\"Calls the method provided with the driver as an argument until the \\\n        return value is not False.\"\"\"\n        screen = None\n        stacktrace = None\n    \n        end_time = time.time() + self._timeout\n        while True:\n            try:\n                value = method(self._driver)\n                if value:\n                    return value\n            except self._ignored_exceptions as exc:\n                screen = getattr(exc, 'screen', None)\n                stacktrace = getattr(exc, 'stacktrace', None)\n            time.sleep(self._poll)\n            if time.time() > end_time:\n                break\n>       raise TimeoutException(message, screen, stacktrace)\nE       selenium.common.exceptions.TimeoutException: Message:\n\n../../../.local/lib/python3.8/site-packages/selenium/webdriver/support/wait.py:80: TimeoutException",
    "steps" : [ ],
    "attachments" : [ {
      "uid" : "9a76f312e65c936",
      "name" : "log",
      "source" : "9a76f312e65c936.txt",
      "type" : "text/plain",
      "size" : 344
    }, {
      "uid" : "16388e186bbf1aff",
      "name" : "stderr",
      "source" : "16388e186bbf1aff.txt",
      "type" : "text/plain",
      "size" : 215
    } ],
    "parameters" : [ ],
    "stepsCount" : 0,
    "attachmentsCount" : 2,
    "shouldDisplayMessage" : true,
    "hasContent" : true
  },
  "afterStages" : [ ],
  "labels" : [ {
    "name" : "parentSuite",
    "value" : "test_conduit"
  }, {
    "name" : "suite",
    "value" : "conduit_test"
  }, {
    "name" : "subSuite",
    "value" : "TestCondiutLogin"
  }, {
    "name" : "host",
    "value" : "fv-az42-510"
  }, {
    "name" : "thread",
    "value" : "3730-MainThread"
  }, {
    "name" : "framework",
    "value" : "pytest"
  }, {
    "name" : "language",
    "value" : "cpython3"
  }, {
    "name" : "package",
    "value" : "test_conduit.conduit_test"
  }, {
    "name" : "resultFormat",
    "value" : "allure2"
  } ],
  "parameters" : [ ],
  "links" : [ ],
  "hidden" : false,
  "retry" : false,
  "extra" : {
    "severity" : "normal",
    "retries" : [ ],
    "categories" : [ {
      "name" : "Test defects",
      "matchedStatuses" : [ ],
      "flaky" : false
    } ],
    "tags" : [ ]
  },
  "source" : "c650e7d21c96b32.json",
  "parameterValues" : [ ]
}