{
  "uid" : "d671f9a2fbaf5c15",
  "name" : "test_sign_up",
  "fullName" : "test_conduit.test_locally_test.TestCondiutLocally#test_sign_up",
  "historyId" : "dd81d21a9d92c3e7f6b9a18142840a53",
  "time" : {
    "start" : 1628419677722,
    "stop" : 1628419678746,
    "duration" : 1024
  },
  "status" : "failed",
  "statusMessage" : "AssertionError: assert 'Please wait...' == 'Your registr...s successful!'\n  - Your registration was successful!\n  + Please wait...",
  "statusTrace" : "self = <test_locally_test.TestCondiutLocally object at 0x7f9428b06bb0>\n\n    def test_sign_up(self):\n        self.driver.maximize_window()\n        self.driver.find_element_by_partial_link_text('Sign up').click()\n        self.driver.find_element_by_xpath('//input[@placeholder=\"Username\"]').clear()\n        self.driver.find_element_by_xpath('//input[@placeholder=\"Username\"]').send_keys('R10')\n        self.driver.find_element_by_xpath('//input[@placeholder=\"Email\"]').clear()\n        self.driver.find_element_by_xpath('//input[@placeholder=\"Email\"]').send_keys('r10@gmail.com')\n        self.driver.find_element_by_xpath('//input[@placeholder=\"Password\"]').clear()\n        self.driver.find_element_by_xpath('//input[@placeholder=\"Password\"]').send_keys('Rr0123456')\n        self.driver.find_element_by_xpath('//button[@class=\"btn btn-lg btn-primary pull-xs-right\"]').click()\n        element = WebDriverWait(\n            self.driver, 10).until(\n            EC.visibility_of_element_located((By.CLASS_NAME, 'swal-text'))\n        )\n>       assert element.text == 'Your registration was successful!'\nE       AssertionError: assert 'Please wait...' == 'Your registr...s successful!'\nE         - Your registration was successful!\nE         + Please wait...\n\ntest_conduit/test_locally_test.py:50: AssertionError",
  "flaky" : false,
  "newFailed" : false,
  "beforeStages" : [ ],
  "testStage" : {
    "status" : "failed",
    "statusMessage" : "AssertionError: assert 'Please wait...' == 'Your registr...s successful!'\n  - Your registration was successful!\n  + Please wait...",
    "statusTrace" : "self = <test_locally_test.TestCondiutLocally object at 0x7f9428b06bb0>\n\n    def test_sign_up(self):\n        self.driver.maximize_window()\n        self.driver.find_element_by_partial_link_text('Sign up').click()\n        self.driver.find_element_by_xpath('//input[@placeholder=\"Username\"]').clear()\n        self.driver.find_element_by_xpath('//input[@placeholder=\"Username\"]').send_keys('R10')\n        self.driver.find_element_by_xpath('//input[@placeholder=\"Email\"]').clear()\n        self.driver.find_element_by_xpath('//input[@placeholder=\"Email\"]').send_keys('r10@gmail.com')\n        self.driver.find_element_by_xpath('//input[@placeholder=\"Password\"]').clear()\n        self.driver.find_element_by_xpath('//input[@placeholder=\"Password\"]').send_keys('Rr0123456')\n        self.driver.find_element_by_xpath('//button[@class=\"btn btn-lg btn-primary pull-xs-right\"]').click()\n        element = WebDriverWait(\n            self.driver, 10).until(\n            EC.visibility_of_element_located((By.CLASS_NAME, 'swal-text'))\n        )\n>       assert element.text == 'Your registration was successful!'\nE       AssertionError: assert 'Please wait...' == 'Your registr...s successful!'\nE         - Your registration was successful!\nE         + Please wait...\n\ntest_conduit/test_locally_test.py:50: AssertionError",
    "steps" : [ ],
    "attachments" : [ {
      "uid" : "404816d464e1fc33",
      "name" : "log",
      "source" : "404816d464e1fc33.txt",
      "type" : "text/plain",
      "size" : 386
    }, {
      "uid" : "b9405264d910944",
      "name" : "stderr",
      "source" : "b9405264d910944.txt",
      "type" : "text/plain",
      "size" : 212
    } ],
    "parameters" : [ ],
    "stepsCount" : 0,
    "attachmentsCount" : 2,
    "shouldDisplayMessage" : true,
    "hasContent" : true
  },
  "afterStages" : [ ],
  "labels" : [ {
    "name" : "parentSuite",
    "value" : "test_conduit"
  }, {
    "name" : "suite",
    "value" : "test_locally_test"
  }, {
    "name" : "subSuite",
    "value" : "TestCondiutLocally"
  }, {
    "name" : "host",
    "value" : "R1-Roni-MBP"
  }, {
    "name" : "thread",
    "value" : "35954-MainThread"
  }, {
    "name" : "framework",
    "value" : "pytest"
  }, {
    "name" : "language",
    "value" : "cpython3"
  }, {
    "name" : "package",
    "value" : "test_conduit.test_locally_test"
  }, {
    "name" : "resultFormat",
    "value" : "allure2"
  } ],
  "parameters" : [ ],
  "links" : [ ],
  "hidden" : false,
  "retry" : false,
  "extra" : {
    "severity" : "normal",
    "retries" : [ ],
    "categories" : [ {
      "name" : "Product defects",
      "matchedStatuses" : [ ],
      "flaky" : false
    } ],
    "tags" : [ ]
  },
  "source" : "d671f9a2fbaf5c15.json",
  "parameterValues" : [ ]
}