{
  "uid" : "16c66c46f2bb6ec3",
  "name" : "test_login",
  "fullName" : "test_conduit.conduit_test.TestCondiutLogin#test_login",
  "historyId" : "7924ada2e2ca89fc6a9a2cd6ff54e0d6",
  "time" : {
    "start" : 1628419477688,
    "stop" : 1628419483364,
    "duration" : 5676
  },
  "status" : "broken",
  "statusMessage" : "selenium.common.exceptions.TimeoutException: Message:",
  "statusTrace" : "self = <conduit_test.TestCondiutLogin object at 0x7f1ca8d34430>\n\n    def test_login(self):\n        self.driver.maximize_window()\n        self.driver.find_element_by_partial_link_text('Sign in').click()\n        self.driver.find_element_by_xpath('//input[@placeholder=\"Email\"]').clear()\n        self.driver.find_element_by_xpath('//input[@placeholder=\"Email\"]').send_keys('r1@gmail.com')\n        self.driver.find_element_by_xpath('//input[@placeholder=\"Password\"]').clear()\n        self.driver.find_element_by_xpath('//input[@placeholder=\"Password\"]').send_keys('Rr0123456')\n        self.driver.find_element_by_xpath('//button[@class=\"btn btn-lg btn-primary pull-xs-right\"]').click()\n>       element = WebDriverWait(\n            self.driver, 5).until(\n            EC.visibility_of_element_located((By.PARTIAL_LINK_TEXT, 'R1'))\n        )\n\ntest_conduit/conduit_test.py:70: \n_ _ _ _ _ _ _ _ _ _ _ _ _ _ _ _ _ _ _ _ _ _ _ _ _ _ _ _ _ _ _ _ _ _ _ _ _ _ _ _ \n\nself = <selenium.webdriver.support.wait.WebDriverWait (session=\"b4c19e49a8fc138fce0260d985f24ec7\")>\nmethod = <selenium.webdriver.support.expected_conditions.visibility_of_element_located object at 0x7f1ca8d34f40>\nmessage = ''\n\n    def until(self, method, message=''):\n        \"\"\"Calls the method provided with the driver as an argument until the \\\n        return value is not False.\"\"\"\n        screen = None\n        stacktrace = None\n    \n        end_time = time.time() + self._timeout\n        while True:\n            try:\n                value = method(self._driver)\n                if value:\n                    return value\n            except self._ignored_exceptions as exc:\n                screen = getattr(exc, 'screen', None)\n                stacktrace = getattr(exc, 'stacktrace', None)\n            time.sleep(self._poll)\n            if time.time() > end_time:\n                break\n>       raise TimeoutException(message, screen, stacktrace)\nE       selenium.common.exceptions.TimeoutException: Message:\n\n../../../.local/lib/python3.8/site-packages/selenium/webdriver/support/wait.py:80: TimeoutException",
  "flaky" : false,
  "newFailed" : false,
  "beforeStages" : [ ],
  "testStage" : {
    "status" : "broken",
    "statusMessage" : "selenium.common.exceptions.TimeoutException: Message:",
    "statusTrace" : "self = <conduit_test.TestCondiutLogin object at 0x7f1ca8d34430>\n\n    def test_login(self):\n        self.driver.maximize_window()\n        self.driver.find_element_by_partial_link_text('Sign in').click()\n        self.driver.find_element_by_xpath('//input[@placeholder=\"Email\"]').clear()\n        self.driver.find_element_by_xpath('//input[@placeholder=\"Email\"]').send_keys('r1@gmail.com')\n        self.driver.find_element_by_xpath('//input[@placeholder=\"Password\"]').clear()\n        self.driver.find_element_by_xpath('//input[@placeholder=\"Password\"]').send_keys('Rr0123456')\n        self.driver.find_element_by_xpath('//button[@class=\"btn btn-lg btn-primary pull-xs-right\"]').click()\n>       element = WebDriverWait(\n            self.driver, 5).until(\n            EC.visibility_of_element_located((By.PARTIAL_LINK_TEXT, 'R1'))\n        )\n\ntest_conduit/conduit_test.py:70: \n_ _ _ _ _ _ _ _ _ _ _ _ _ _ _ _ _ _ _ _ _ _ _ _ _ _ _ _ _ _ _ _ _ _ _ _ _ _ _ _ \n\nself = <selenium.webdriver.support.wait.WebDriverWait (session=\"b4c19e49a8fc138fce0260d985f24ec7\")>\nmethod = <selenium.webdriver.support.expected_conditions.visibility_of_element_located object at 0x7f1ca8d34f40>\nmessage = ''\n\n    def until(self, method, message=''):\n        \"\"\"Calls the method provided with the driver as an argument until the \\\n        return value is not False.\"\"\"\n        screen = None\n        stacktrace = None\n    \n        end_time = time.time() + self._timeout\n        while True:\n            try:\n                value = method(self._driver)\n                if value:\n                    return value\n            except self._ignored_exceptions as exc:\n                screen = getattr(exc, 'screen', None)\n                stacktrace = getattr(exc, 'stacktrace', None)\n            time.sleep(self._poll)\n            if time.time() > end_time:\n                break\n>       raise TimeoutException(message, screen, stacktrace)\nE       selenium.common.exceptions.TimeoutException: Message:\n\n../../../.local/lib/python3.8/site-packages/selenium/webdriver/support/wait.py:80: TimeoutException",
    "steps" : [ ],
    "attachments" : [ {
      "uid" : "c43c22ac8135c77d",
      "name" : "log",
      "source" : "c43c22ac8135c77d.txt",
      "type" : "text/plain",
      "size" : 344
    }, {
      "uid" : "df5dae5e2ead10ce",
      "name" : "stderr",
      "source" : "df5dae5e2ead10ce.txt",
      "type" : "text/plain",
      "size" : 215
    } ],
    "parameters" : [ ],
    "stepsCount" : 0,
    "attachmentsCount" : 2,
    "shouldDisplayMessage" : true,
    "hasContent" : true
  },
  "afterStages" : [ ],
  "labels" : [ {
    "name" : "parentSuite",
    "value" : "test_conduit"
  }, {
    "name" : "suite",
    "value" : "conduit_test"
  }, {
    "name" : "subSuite",
    "value" : "TestCondiutLogin"
  }, {
    "name" : "host",
    "value" : "fv-az33-714"
  }, {
    "name" : "thread",
    "value" : "3742-MainThread"
  }, {
    "name" : "framework",
    "value" : "pytest"
  }, {
    "name" : "language",
    "value" : "cpython3"
  }, {
    "name" : "package",
    "value" : "test_conduit.conduit_test"
  }, {
    "name" : "resultFormat",
    "value" : "allure2"
  } ],
  "parameters" : [ ],
  "links" : [ ],
  "hidden" : false,
  "retry" : false,
  "extra" : {
    "severity" : "normal",
    "retries" : [ {
      "uid" : "d0e85e8a251561c0",
      "status" : "passed",
      "time" : {
        "start" : 1628419114624,
        "stop" : 1628419115621,
        "duration" : 997
      }
    }, {
      "uid" : "18ce0a0f3d20c886",
      "status" : "passed",
      "time" : {
        "start" : 1628418987021,
        "stop" : 1628418988039,
        "duration" : 1018
      }
    }, {
      "uid" : "7e58c915ced1b3fb",
      "status" : "passed",
      "time" : {
        "start" : 1628418788593,
        "stop" : 1628418789569,
        "duration" : 976
      }
    }, {
      "uid" : "53a0b02f8f1e7ffb",
      "status" : "passed",
      "time" : {
        "start" : 1628418410469,
        "stop" : 1628418411448,
        "duration" : 979
      }
    }, {
      "uid" : "af33a97844126bcb",
      "status" : "passed",
      "time" : {
        "start" : 1628418238377,
        "stop" : 1628418239336,
        "duration" : 959
      }
    }, {
      "uid" : "212a12771c51ae47",
      "status" : "passed",
      "time" : {
        "start" : 1628417448804,
        "stop" : 1628417449790,
        "duration" : 986
      }
    }, {
      "uid" : "be0bcff56c9593e9",
      "status" : "passed",
      "time" : {
        "start" : 1628416848533,
        "stop" : 1628416849998,
        "duration" : 1465
      }
    }, {
      "uid" : "b3387dbcc2f4fdf",
      "status" : "broken",
      "statusDetails" : "selenium.common.exceptions.TimeoutException: Message:",
      "time" : {
        "start" : 1628416713130,
        "stop" : 1628416718974,
        "duration" : 5844
      }
    }, {
      "uid" : "95d30431a93dd41f",
      "status" : "broken",
      "statusDetails" : "selenium.common.exceptions.ElementClickInterceptedException: Message: element click intercepted: Element <button class=\"btn btn-lg btn-primary pull-xs-right\">...</button> is not clickable at point (511, 331). Other element would receive the click: <div class=\"swal-title\" style=\"\">...</div>\n  (Session info: headless chrome=92.0.4515.131)",
      "time" : {
        "start" : 1628416452144,
        "stop" : 1628416453885,
        "duration" : 1741
      }
    } ],
    "categories" : [ {
      "name" : "Test defects",
      "matchedStatuses" : [ ],
      "flaky" : false
    } ],
    "tags" : [ ]
  },
  "source" : "16c66c46f2bb6ec3.json",
  "parameterValues" : [ ]
}