{
  "uid" : "fc81d37a85919313",
  "name" : "test_sign_up",
  "fullName" : "test_conduit.conduit_test.TestCondiutLogin#test_sign_up",
  "historyId" : "d8f9d1fc588e63a707f0c88e1c0401da",
  "time" : {
    "start" : 1628419474131,
    "stop" : 1628419474979,
    "duration" : 848
  },
  "status" : "failed",
  "statusMessage" : "AssertionError: assert 'Please wait...' == 'Your registr...s successful!'\n  - Your registration was successful!\n  + Please wait...",
  "statusTrace" : "self = <conduit_test.TestCondiutLogin object at 0x7f1ca8dd7700>\n\n    def test_sign_up(self):\n        self.driver.maximize_window()\n        self.driver.find_element_by_partial_link_text('Sign up').click()\n        self.driver.find_element_by_xpath('//input[@placeholder=\"Username\"]').clear()\n        self.driver.find_element_by_xpath('//input[@placeholder=\"Username\"]').send_keys('R1')\n        self.driver.find_element_by_xpath('//input[@placeholder=\"Email\"]').clear()\n        self.driver.find_element_by_xpath('//input[@placeholder=\"Email\"]').send_keys('r1@gmail.com')\n        self.driver.find_element_by_xpath('//input[@placeholder=\"Password\"]').clear()\n        self.driver.find_element_by_xpath('//input[@placeholder=\"Password\"]').send_keys('Rr0123456')\n        self.driver.find_element_by_xpath('//button[@class=\"btn btn-lg btn-primary pull-xs-right\"]').click()\n        element = WebDriverWait(\n            self.driver, 10).until(\n            EC.visibility_of_element_located((By.CLASS_NAME, 'swal-text'))\n        )\n>       assert element.text == 'Your registration was successful!'\nE       AssertionError: assert 'Please wait...' == 'Your registr...s successful!'\nE         - Your registration was successful!\nE         + Please wait...\n\ntest_conduit/conduit_test.py:59: AssertionError",
  "flaky" : false,
  "newFailed" : false,
  "beforeStages" : [ ],
  "testStage" : {
    "status" : "failed",
    "statusMessage" : "AssertionError: assert 'Please wait...' == 'Your registr...s successful!'\n  - Your registration was successful!\n  + Please wait...",
    "statusTrace" : "self = <conduit_test.TestCondiutLogin object at 0x7f1ca8dd7700>\n\n    def test_sign_up(self):\n        self.driver.maximize_window()\n        self.driver.find_element_by_partial_link_text('Sign up').click()\n        self.driver.find_element_by_xpath('//input[@placeholder=\"Username\"]').clear()\n        self.driver.find_element_by_xpath('//input[@placeholder=\"Username\"]').send_keys('R1')\n        self.driver.find_element_by_xpath('//input[@placeholder=\"Email\"]').clear()\n        self.driver.find_element_by_xpath('//input[@placeholder=\"Email\"]').send_keys('r1@gmail.com')\n        self.driver.find_element_by_xpath('//input[@placeholder=\"Password\"]').clear()\n        self.driver.find_element_by_xpath('//input[@placeholder=\"Password\"]').send_keys('Rr0123456')\n        self.driver.find_element_by_xpath('//button[@class=\"btn btn-lg btn-primary pull-xs-right\"]').click()\n        element = WebDriverWait(\n            self.driver, 10).until(\n            EC.visibility_of_element_located((By.CLASS_NAME, 'swal-text'))\n        )\n>       assert element.text == 'Your registration was successful!'\nE       AssertionError: assert 'Please wait...' == 'Your registr...s successful!'\nE         - Your registration was successful!\nE         + Please wait...\n\ntest_conduit/conduit_test.py:59: AssertionError",
    "steps" : [ ],
    "attachments" : [ {
      "uid" : "35efb68aa8e1c8c7",
      "name" : "log",
      "source" : "35efb68aa8e1c8c7.txt",
      "type" : "text/plain",
      "size" : 344
    }, {
      "uid" : "385d923862bc07a8",
      "name" : "stderr",
      "source" : "385d923862bc07a8.txt",
      "type" : "text/plain",
      "size" : 215
    } ],
    "parameters" : [ ],
    "stepsCount" : 0,
    "attachmentsCount" : 2,
    "shouldDisplayMessage" : true,
    "hasContent" : true
  },
  "afterStages" : [ ],
  "labels" : [ {
    "name" : "parentSuite",
    "value" : "test_conduit"
  }, {
    "name" : "suite",
    "value" : "conduit_test"
  }, {
    "name" : "subSuite",
    "value" : "TestCondiutLogin"
  }, {
    "name" : "host",
    "value" : "fv-az33-714"
  }, {
    "name" : "thread",
    "value" : "3742-MainThread"
  }, {
    "name" : "framework",
    "value" : "pytest"
  }, {
    "name" : "language",
    "value" : "cpython3"
  }, {
    "name" : "package",
    "value" : "test_conduit.conduit_test"
  }, {
    "name" : "resultFormat",
    "value" : "allure2"
  } ],
  "parameters" : [ ],
  "links" : [ ],
  "hidden" : false,
  "retry" : false,
  "extra" : {
    "severity" : "normal",
    "retries" : [ {
      "uid" : "f3f9e5bc55c10ec5",
      "status" : "failed",
      "statusDetails" : "AssertionError: assert 'Email already taken.' == 'Your registr...s successful!'\n  - Your registration was successful!\n  + Email already taken.",
      "time" : {
        "start" : 1628419108952,
        "stop" : 1628419110104,
        "duration" : 1152
      }
    }, {
      "uid" : "f54d1d552e02c5c8",
      "status" : "failed",
      "statusDetails" : "AssertionError: assert 'Email already taken.' == 'Your registr...s successful!'\n  - Your registration was successful!\n  + Email already taken.",
      "time" : {
        "start" : 1628418981503,
        "stop" : 1628418982525,
        "duration" : 1022
      }
    }, {
      "uid" : "64f9ca9081fda80b",
      "status" : "failed",
      "statusDetails" : "AssertionError: assert 'Email already taken.' == 'Your registr...s successful!'\n  - Your registration was successful!\n  + Email already taken.",
      "time" : {
        "start" : 1628418783097,
        "stop" : 1628418784241,
        "duration" : 1144
      }
    }, {
      "uid" : "d73d103960228b8c",
      "status" : "failed",
      "statusDetails" : "AssertionError: assert 'Email already taken.' == 'Your registr...s successful!'\n  - Your registration was successful!\n  + Email already taken.",
      "time" : {
        "start" : 1628418404960,
        "stop" : 1628418405992,
        "duration" : 1032
      }
    }, {
      "uid" : "1810c00ffe1e81e6",
      "status" : "failed",
      "statusDetails" : "AssertionError: assert 'Email already taken.' == 'Your registr...s successful!'\n  - Your registration was successful!\n  + Email already taken.",
      "time" : {
        "start" : 1628418232931,
        "stop" : 1628418233971,
        "duration" : 1040
      }
    }, {
      "uid" : "ca385fa7f5a166af",
      "status" : "failed",
      "statusDetails" : "AssertionError: assert 'Email already taken.' == 'Your registr...s successful!'\n  - Your registration was successful!\n  + Email already taken.",
      "time" : {
        "start" : 1628417442908,
        "stop" : 1628417443962,
        "duration" : 1054
      }
    }, {
      "uid" : "566271ae70d2252b",
      "status" : "passed",
      "time" : {
        "start" : 1628416854491,
        "stop" : 1628416856066,
        "duration" : 1575
      }
    }, {
      "uid" : "de38c0ff11730f69",
      "status" : "broken",
      "statusDetails" : "selenium.common.exceptions.ElementClickInterceptedException: Message: element click intercepted: Element <button class=\"btn btn-lg btn-primary pull-xs-right\">...</button> is not clickable at point (933, 398). Other element would receive the click: <div class=\"swal-modal\" role=\"dialog\" aria-modal=\"true\">...</div>\n  (Session info: chrome=92.0.4515.131)",
      "time" : {
        "start" : 1628416724019,
        "stop" : 1628416725792,
        "duration" : 1773
      }
    }, {
      "uid" : "8af75f1e9485e255",
      "status" : "broken",
      "statusDetails" : "selenium.common.exceptions.ElementClickInterceptedException: Message: element click intercepted: Element <button class=\"btn btn-lg btn-primary pull-xs-right\">...</button> is not clickable at point (508, 398). Other element would receive the click: <div class=\"swal-footer\">...</div>\n  (Session info: headless chrome=92.0.4515.131)",
      "time" : {
        "start" : 1628416457338,
        "stop" : 1628416459062,
        "duration" : 1724
      }
    } ],
    "categories" : [ {
      "name" : "Product defects",
      "matchedStatuses" : [ ],
      "flaky" : false
    } ],
    "tags" : [ ]
  },
  "source" : "fc81d37a85919313.json",
  "parameterValues" : [ ]
}