{"name": "test_login", "status": "broken", "statusDetails": {"message": "selenium.common.exceptions.TimeoutException: Message:", "trace": "self = <conduit_test.TestCondiutLogin object at 0x7ffeb7b3d340>\n\n    def test_login(self):\n        self.driver.maximize_window()\n        self.driver.find_element_by_partial_link_text('Sign in').click()\n        self.driver.find_element_by_xpath('//input[@placeholder=\"Email\"]').clear()\n        self.driver.find_element_by_xpath('//input[@placeholder=\"Email\"]').send_keys('r1@gmail.com')\n        self.driver.find_element_by_xpath('//input[@placeholder=\"Password\"]').clear()\n        self.driver.find_element_by_xpath('//input[@placeholder=\"Password\"]').send_keys('Rr0123456')\n        self.driver.find_element_by_xpath('//button[@class=\"btn btn-lg btn-primary pull-xs-right\"]').click()\n>       element = WebDriverWait(\n            self.driver, 5).until(\n            EC.visibility_of_element_located((By.PARTIAL_LINK_TEXT, 'Global Feed'))\n        )\n\ntest_conduit/conduit_test.py:44: \n_ _ _ _ _ _ _ _ _ _ _ _ _ _ _ _ _ _ _ _ _ _ _ _ _ _ _ _ _ _ _ _ _ _ _ _ _ _ _ _ _ _ _ _ _ _ _ _ _ _ _ _ _ _ _ _ _ _ _ _ _ _ _ _ _ _ _ _ _ _ _ _ _ _ _ _ _ _ _ _ _ _ _ _ _ _ _ _\n\nself = <selenium.webdriver.support.wait.WebDriverWait (session=\"06a38ff5a1e3573da015622a0a9db692\")>\nmethod = <selenium.webdriver.support.expected_conditions.visibility_of_element_located object at 0x7ffeb7b8fdc0>, message = ''\n\n    def until(self, method, message=''):\n        \"\"\"Calls the method provided with the driver as an argument until the \\\n        return value is not False.\"\"\"\n        screen = None\n        stacktrace = None\n    \n        end_time = time.time() + self._timeout\n        while True:\n            try:\n                value = method(self._driver)\n                if value:\n                    return value\n            except self._ignored_exceptions as exc:\n                screen = getattr(exc, 'screen', None)\n                stacktrace = getattr(exc, 'stacktrace', None)\n            time.sleep(self._poll)\n            if time.time() > end_time:\n                break\n>       raise TimeoutException(message, screen, stacktrace)\nE       selenium.common.exceptions.TimeoutException: Message:\n\n/Library/Frameworks/Python.framework/Versions/3.9/lib/python3.9/site-packages/selenium/webdriver/support/wait.py:80: TimeoutException"}, "attachments": [{"name": "log", "source": "bc395076-0ce2-4748-b17b-a440b5b4c5ac-attachment.txt", "type": "text/plain"}, {"name": "stderr", "source": "d13bde90-bd5b-4f6e-be12-643005eec550-attachment.txt", "type": "text/plain"}], "start": 1628416713130, "stop": 1628416718974, "uuid": "87d29554-166c-4f82-9d6b-904deb0c5e72", "historyId": "7924ada2e2ca89fc6a9a2cd6ff54e0d6", "testCaseId": "bf70bd4d4b8eb0bf2fe75a06990bda5e", "fullName": "test_conduit.conduit_test.TestCondiutLogin#test_login", "labels": [{"name": "parentSuite", "value": "test_conduit"}, {"name": "suite", "value": "conduit_test"}, {"name": "subSuite", "value": "TestCondiutLogin"}, {"name": "host", "value": "R1-Roni-MBP"}, {"name": "thread", "value": "34072-MainThread"}, {"name": "framework", "value": "pytest"}, {"name": "language", "value": "cpython3"}, {"name": "package", "value": "test_conduit.conduit_test"}]}